<?xml version="1.0" encoding="UTF-8"?>
<!-- Generated by org.testng.reporters.JUnitXMLReporter -->
<testsuite ignored="4" hostname="DESKTOP-TK7T02D" failures="0" tests="3" name="Test" time="44.592" errors="0" timestamp="2024-11-18T00:47:14 IST">
  <testcase classname="machinetest.LoginJourney" name="signup" time="30.184"/>
  <testcase classname="machinetest.PunchIn" name="punchIn" time="6.655"/>
  <testcase classname="machinetest.AddCustomer" name="addCustomer" time="7.619"/>
  <testcase classname="com.baseclass.BaseClass" name="@BeforeSuite openBrowser" time="0.0">
    <ignored/>
  </testcase> <!-- @BeforeSuite openBrowser -->
  <testcase classname="com.baseclass.BaseClass" name="@AfterSuite closeBrowser" time="0.0">
    <ignored/>
  </testcase> <!-- @AfterSuite closeBrowser -->
  <testcase classname="com.baseclass.BaseClass" name="@BeforeSuite openBrowser" time="0.0">
    <ignored/>
  </testcase> <!-- @BeforeSuite openBrowser -->
  <testcase classname="com.baseclass.BaseClass" name="@AfterSuite closeBrowser" time="0.0">
    <ignored/>
  </testcase> <!-- @AfterSuite closeBrowser -->
</testsuite> <!-- Test -->
